DEBUG gis2.GMLWorldModelCreator : Creating entities
DEBUG gis2.GMLWorldModelCreator : 1426 buildings
DEBUG gis2.GMLWorldModelCreator : 3385 roads
DEBUG gis2.GMLWorldModelCreator : Reading scenario
DEBUG gis2.GMLWorldModelCreator : Applying scenario
DEBUG gis2.GisScenario : Creating 5 refuges
DEBUG gis2.GisScenario : Converting building 53762 to a refuge
DEBUG gis2.GisScenario : Converted Building (53762) into Refuge (53762)
DEBUG gis2.GisScenario : Converting building 43289 to a refuge
DEBUG gis2.GisScenario : Converted Building (43289) into Refuge (43289)
DEBUG gis2.GisScenario : Converting building 51225 to a refuge
DEBUG gis2.GisScenario : Converted Building (51225) into Refuge (51225)
DEBUG gis2.GisScenario : Converting building 45211 to a refuge
DEBUG gis2.GisScenario : Converted Building (45211) into Refuge (45211)
DEBUG gis2.GisScenario : Converting building 36927 to a refuge
DEBUG gis2.GisScenario : Converted Building (36927) into Refuge (36927)
DEBUG gis2.GisScenario : Converting Road 9634 to a hydrant
DEBUG gis2.GisScenario : Converted Road (9634) into Hydrant (9634)
DEBUG gis2.GisScenario : Converting Road 9481 to a hydrant
DEBUG gis2.GisScenario : Converted Road (9481) into Hydrant (9481)
DEBUG gis2.GisScenario : Igniting 2 fires
DEBUG gis2.GisScenario : Igniting 29927
DEBUG gis2.GisScenario : Igniting 55869
DEBUG gis2.GisScenario : Creating 4 fire brigades
DEBUG gis2.GisScenario : Created Fire brigade (1618773504)
DEBUG gis2.GisScenario : Created Fire brigade (2090075220)
DEBUG gis2.GisScenario : Created Fire brigade (1535509101)
DEBUG gis2.GisScenario : Created Fire brigade (1127234487)
DEBUG gis2.GisScenario : Creating 0 police forces
DEBUG gis2.GisScenario : Creating 0 ambulance teams
DEBUG gis2.GisScenario : Creating 0 fire stations
DEBUG gis2.GisScenario : Creating 0 police offices
DEBUG gis2.GisScenario : Creating 0 ambulance centres
DEBUG gis2.GisScenario : Creating 1 civilians
DEBUG gis2.GisScenario : Created Civilian (74156198)
