INFO kernel : Could not instantiate class human.ControlledAgentGUI$ControlViewer
INFO kernel : Logging to /D/ashwin_ext/RoboCup/Test/Notebook/rcrs-server/Scripts/logs-BLTSS00021-12:52:30/rescue.log
INFO kernel : Created log file: /D/ashwin_ext/RoboCup/Test/Notebook/rcrs-server/Scripts/logs-BLTSS00021-12:52:30/rescue.log
INFO kernel : Created channel: Voice channel 0 (range = 30000, max 1 messages of size 256)
INFO kernel : Created channel: Radio channel 1 (bandwidth = 4000)
INFO kernel : Created channel: Radio channel 2 (bandwidth = 4000)
INFO kernel : Kernel initialised
INFO kernel : Perception module: Line of sight perception
INFO kernel : Communication module: Channel communication model
INFO kernel : Command filter: kernel.ChainedCommandFilter@9d573a6
INFO kernel : Score function: Score graph
INFO kernel : Termination condition: Timestep >= 250
INFO kernel : Command collector: CompositeCommandCollector [Timed command collector]
INFO kernel : Agent controlled entity registered: Fire brigade (1618773504)
INFO kernel : Agent controlled entity registered: Civilian (74156198)
INFO kernel : Agent controlled entity registered: Fire brigade (1127234487)
INFO kernel : Agent controlled entity registered: Fire brigade (2090075220)
INFO kernel : Agent controlled entity registered: Fire brigade (1535509101)
INFO kernel : Listening for connections on port 7000
INFO kernel : Waiting for all agents, simulators and viewers to connect.
INFO kernel : Connection timeout is 18000ms
INFO kernel : Waiting for 4 entities of type urn:rescuecore2.standard:entity:firebrigade
INFO kernel : Waiting for 1 entities of type urn:rescuecore2.standard:entity:civilian
