DEBUG gis2.GMLWorldModelCreator : Creating entities
DEBUG gis2.GMLWorldModelCreator : 18 buildings
DEBUG gis2.GMLWorldModelCreator : 392 roads
DEBUG gis2.GMLWorldModelCreator : Reading scenario
DEBUG gis2.GMLWorldModelCreator : Applying scenario
DEBUG gis2.GisScenario : Creating 1 refuges
DEBUG gis2.GisScenario : Converting building 2550 to a refuge
DEBUG gis2.GisScenario : Converted Building (2550) into Refuge (2550)
DEBUG gis2.GisScenario : Igniting 1 fires
DEBUG gis2.GisScenario : Igniting 2551
DEBUG gis2.GisScenario : Creating 2 fire brigades
DEBUG gis2.GisScenario : Created Fire brigade (596851449)
DEBUG gis2.GisScenario : Created Fire brigade (549139337)
DEBUG gis2.GisScenario : Creating 0 police forces
DEBUG gis2.GisScenario : Creating 0 ambulance teams
DEBUG gis2.GisScenario : Creating 0 fire stations
DEBUG gis2.GisScenario : Creating 0 police offices
DEBUG gis2.GisScenario : Creating 0 ambulance centres
DEBUG gis2.GisScenario : Creating 1 civilians
DEBUG gis2.GisScenario : Created Civilian (937073426)
