INFO kernel : Could not instantiate class human.ControlledAgentGUI$ControlViewer
INFO kernel : Logging to /D/ashwin_ext/RoboCup/Test/Notebook/rcrs-server/Scripts/logs-BLTSS00021-23:56:43/rescue.log
INFO kernel : Created log file: /D/ashwin_ext/RoboCup/Test/Notebook/rcrs-server/Scripts/logs-BLTSS00021-23:56:43/rescue.log
INFO kernel : Created channel: Voice channel 0 (range = 30000, max 1 messages of size 256)
INFO kernel : Created channel: Radio channel 1 (bandwidth = 1024)
INFO kernel : Created channel: Radio channel 2 (bandwidth = 1024)
INFO kernel : Created channel: Radio channel 3 (bandwidth = 1024)
INFO kernel : Kernel initialised
INFO kernel : Perception module: Line of sight perception
INFO kernel : Communication module: Channel communication model
INFO kernel : Command filter: kernel.ChainedCommandFilter@a77614d
INFO kernel : Score function: Score graph
INFO kernel : Termination condition: Timestep >= 250
INFO kernel : Command collector: CompositeCommandCollector [Timed command collector]
INFO kernel : Agent controlled entity registered: Civilian (937073426)
INFO kernel : Agent controlled entity registered: Fire brigade (596851449)
INFO kernel : Agent controlled entity registered: Fire brigade (549139337)
INFO kernel : Listening for connections on port 7000
INFO kernel : Waiting for 2 entities of type urn:rescuecore2.standard:entity:firebrigade
INFO kernel : Waiting for 1 entities of type urn:rescuecore2.standard:entity:civilian
INFO kernel : Waiting for all agents, simulators and viewers to connect.
INFO kernel : Connection timeout is 300000ms
