INFO launcher : Processing jar directory: /D/ashwin_ext/RoboCup/Test/Notebook_Final/rcrs-server/Scripts/../jars
INFO launcher : Processing ../jars/ignition.jar
INFO launcher : Processing ../jars/misc.jar
INFO launcher : Processing ../jars/standard.jar
INFO launcher : Registered message factory 'rescuecore2.standard.messages.StandardMessageFactory' with registry System
INFO launcher : Registered property factory 'rescuecore2.standard.entities.StandardPropertyFactory' with registry System
INFO launcher : Registered entity factory 'rescuecore2.standard.entities.StandardEntityFactory' with registry System
INFO launcher : Processing ../jars/collapse.jar
INFO launcher : Processing ../jars/sample.jar
WARN launcher : Class sample.CustomRegistryTestAgent$CustomEntityFactory not found
INFO launcher : Processing ../jars/resq-fire.jar
INFO launcher : Processing ../jars/human.jar
INFO launcher : Processing ../jars/handy.jar
INFO launcher : Processing ../jars/kernel.jar
INFO launcher : Processing ../jars/gis2.jar
INFO launcher : Processing ../jars/traffic3.jar
INFO launcher : Processing ../jars/maps.jar
INFO launcher : Processing ../jars/clear.jar
INFO launcher : Launching 1 instances of component 'firesimulator.FireSimulatorWrapper'...
INFO launcher : Launching instance 1...
